<?xml version="1.0" encoding="UTF-8"?>
<testng-results skipped="0" failed="0" total="1" passed="1">
  <reporter-output>
  </reporter-output>
  <suite name="Default suite" duration-ms="28010" started-at="2019-03-25T00:04:30Z" finished-at="2019-03-25T00:04:58Z">
    <groups>
    </groups>
    <test name="Default test" duration-ms="28010" started-at="2019-03-25T00:04:30Z" finished-at="2019-03-25T00:04:58Z">
      <class name="tests.Test1">
        <test-method status="PASS" signature="get_Asia_Headlenes()[pri:0, instance:tests.Test1@87a85e1]" name="get_Asia_Headlenes" duration-ms="27991" started-at="2019-03-24T17:04:30Z" finished-at="2019-03-24T17:04:58Z">
          <reporter-output>
          </reporter-output>
        </test-method> <!-- get_Asia_Headlenes -->
      </class> <!-- tests.Test1 -->
    </test> <!-- Default test -->
  </suite> <!-- Default suite -->
</testng-results>
